\BOOKMARK [1][-]{section.1}{\376\377\000T\000a\000h\000a\000p\000\040\0001\000:\000\040\000A\000n\000a\000l\000i\000s\000i\000s\000\040\000P\000e\000r\000f\000o\000r\000m\000a\000\040\000M\000o\000d\000e\000l\000\040\000D\000a\000s\000a\000r\000\040\000\050\000P\000l\000a\000i\000n\000\040\000N\000e\000t\000w\000o\000r\000k\000\051}{}% 1
\BOOKMARK [2][-]{subsection.1.1}{\376\377\000A\000r\000s\000i\000t\000e\000k\000t\000u\000r\000\040\000P\000l\000a\000i\000n\000-\0003\0004}{section.1}% 2
\BOOKMARK [2][-]{subsection.1.2}{\376\377\000K\000o\000n\000f\000i\000g\000u\000r\000a\000s\000i\000\040\000P\000e\000l\000a\000t\000i\000h\000a\000n}{section.1}% 3
\BOOKMARK [2][-]{subsection.1.3}{\376\377\000I\000m\000p\000l\000e\000m\000e\000n\000t\000a\000s\000i}{section.1}% 4
\BOOKMARK [2][-]{subsection.1.4}{\376\377\000H\000a\000s\000i\000l\000\040\000P\000e\000l\000a\000t\000i\000h\000a\000n}{section.1}% 5
\BOOKMARK [2][-]{subsection.1.5}{\376\377\000A\000n\000a\000l\000i\000s\000i\000s}{section.1}% 6
\BOOKMARK [1][-]{section.2}{\376\377\000T\000a\000h\000a\000p\000\040\0002\000:\000\040\000I\000m\000p\000l\000e\000m\000e\000n\000t\000a\000s\000i\000\040\000R\000e\000s\000i\000d\000u\000a\000l\000\040\000C\000o\000n\000n\000e\000c\000t\000i\000o\000n\000\040\000\050\000R\000e\000s\000N\000e\000t\000-\0003\0004\000\051}{}% 7
\BOOKMARK [2][-]{subsection.2.1}{\376\377\000M\000o\000d\000i\000f\000i\000k\000a\000s\000i\000\040\000A\000r\000s\000i\000t\000e\000k\000t\000u\000r}{section.2}% 8
\BOOKMARK [2][-]{subsection.2.2}{\376\377\000I\000m\000p\000l\000e\000m\000e\000n\000t\000a\000s\000i}{section.2}% 9
\BOOKMARK [2][-]{subsection.2.3}{\376\377\000H\000a\000s\000i\000l\000\040\000P\000e\000l\000a\000t\000i\000h\000a\000n}{section.2}% 10
\BOOKMARK [2][-]{subsection.2.4}{\376\377\000P\000e\000r\000b\000a\000n\000d\000i\000n\000g\000a\000n\000\040\000d\000e\000n\000g\000a\000n\000\040\000P\000l\000a\000i\000n\000-\0003\0004}{section.2}% 11
\BOOKMARK [2][-]{subsection.2.5}{\376\377\000A\000n\000a\000l\000i\000s\000i\000s\000\040\000K\000r\000i\000t\000i\000s}{section.2}% 12
\BOOKMARK [1][-]{section.3}{\376\377\000T\000a\000h\000a\000p\000\040\0003\000:\000\040\000E\000k\000s\000p\000e\000r\000i\000m\000e\000n\000\040\000M\000o\000d\000i\000f\000i\000k\000a\000s\000i\000\040\000A\000r\000s\000i\000t\000e\000k\000t\000u\000r\000\040\000R\000e\000s\000N\000e\000t\000-\0003\0004}{}% 13
\BOOKMARK [2][-]{subsection.3.1}{\376\377\000P\000e\000m\000i\000l\000i\000h\000a\000n\000\040\000M\000o\000d\000i\000f\000i\000k\000a\000s\000i}{section.3}% 14
\BOOKMARK [2][-]{subsection.3.2}{\376\377\000J\000u\000s\000t\000i\000f\000i\000k\000a\000s\000i\000\040\000P\000e\000m\000i\000l\000i\000h\000a\000n}{section.3}% 15
\BOOKMARK [2][-]{subsection.3.3}{\376\377\000M\000o\000d\000i\000f\000i\000k\000a\000s\000i\000\040\0001\000:\000\040\000[\000N\000a\000m\000a\000\040\000M\000o\000d\000i\000f\000i\000k\000a\000s\000i\000]}{section.3}% 16
\BOOKMARK [3][-]{subsubsection.3.3.1}{\376\377\000D\000e\000s\000k\000r\000i\000p\000s\000i\000\040\000A\000r\000s\000i\000t\000e\000k\000t\000u\000r}{subsection.3.3}% 17
\BOOKMARK [3][-]{subsubsection.3.3.2}{\376\377\000I\000m\000p\000l\000e\000m\000e\000n\000t\000a\000s\000i}{subsection.3.3}% 18
\BOOKMARK [3][-]{subsubsection.3.3.3}{\376\377\000H\000a\000s\000i\000l\000\040\000P\000e\000l\000a\000t\000i\000h\000a\000n}{subsection.3.3}% 19
\BOOKMARK [3][-]{subsubsection.3.3.4}{\376\377\000A\000n\000a\000l\000i\000s\000i\000s}{subsection.3.3}% 20
\BOOKMARK [2][-]{subsection.3.4}{\376\377\000M\000o\000d\000i\000f\000i\000k\000a\000s\000i\000\040\0002\000:\000\040\000[\000N\000a\000m\000a\000\040\000M\000o\000d\000i\000f\000i\000k\000a\000s\000i\000]}{section.3}% 21
\BOOKMARK [3][-]{subsubsection.3.4.1}{\376\377\000D\000e\000s\000k\000r\000i\000p\000s\000i\000\040\000A\000r\000s\000i\000t\000e\000k\000t\000u\000r}{subsection.3.4}% 22
\BOOKMARK [3][-]{subsubsection.3.4.2}{\376\377\000I\000m\000p\000l\000e\000m\000e\000n\000t\000a\000s\000i}{subsection.3.4}% 23
\BOOKMARK [3][-]{subsubsection.3.4.3}{\376\377\000H\000a\000s\000i\000l\000\040\000P\000e\000l\000a\000t\000i\000h\000a\000n}{subsection.3.4}% 24
\BOOKMARK [3][-]{subsubsection.3.4.4}{\376\377\000A\000n\000a\000l\000i\000s\000i\000s}{subsection.3.4}% 25
\BOOKMARK [2][-]{subsection.3.5}{\376\377\000P\000e\000r\000b\000a\000n\000d\000i\000n\000g\000a\000n\000\040\000S\000e\000m\000u\000a\000\040\000M\000o\000d\000e\000l}{section.3}% 26
\BOOKMARK [2][-]{subsection.3.6}{\376\377\000T\000r\000a\000d\000e\000-\000o\000f\000f\000\040\000A\000n\000a\000l\000y\000s\000i\000s}{section.3}% 27
\BOOKMARK [1][-]{section.4}{\376\377\000P\000e\000r\000a\000n\000\040\000d\000a\000n\000\040\000K\000o\000n\000t\000r\000i\000b\000u\000s\000i\000\040\000A\000I\000\040\000A\000s\000s\000i\000s\000t\000a\000n\000t}{}% 28
\BOOKMARK [2][-]{subsection.4.1}{\376\377\000D\000a\000f\000t\000a\000r\000\040\000P\000e\000n\000g\000g\000u\000n\000a\000a\000n\000\040\000A\000I}{section.4}% 29
\BOOKMARK [2][-]{subsection.4.2}{\376\377\000V\000e\000r\000i\000f\000i\000k\000a\000s\000i\000\040\000d\000a\000n\000\040\000M\000o\000d\000i\000f\000i\000k\000a\000s\000i}{section.4}% 30
\BOOKMARK [2][-]{subsection.4.3}{\376\377\000P\000e\000m\000a\000h\000a\000m\000a\000n\000\040\000d\000a\000n\000\040\000P\000e\000m\000b\000e\000l\000a\000j\000a\000r\000a\000n}{section.4}% 31
